<?xml version="1.0" encoding="UTF-8"?>
<testsuite xmlns:xsi="http://www.w3.org/2001/XMLSchema-instance" xsi:noNamespaceSchemaLocation="https://maven.apache.org/surefire/maven-surefire-plugin/xsd/surefire-test-report-3.0.xsd" version="3.0" name="com.algorithms.MinHeapTest" time="0.04" tests="11" errors="0" skipped="0" failures="0">
  <properties>
[...]
</properties>
  <testcase name="testSingleElement" classname="com.algorithms.MinHeapTest" time="0.009"/>
  <testcase name="testMergeHeaps" classname="com.algorithms.MinHeapTest" time="0.001"/>
  <testcase name="testDecreaseKeyValid" classname="com.algorithms.MinHeapTest" time="0.001"/>
  <testcase name="testInputDistributions" classname="com.algorithms.MinHeapTest" time="0.005"/>
  <testcase name="testRandomInputMatchesJavaSort" classname="com.algorithms.MinHeapTest" time="0.004"/>
  <testcase name="testScalability" classname="com.algorithms.MinHeapTest" time="0.008">
    <system-out><![CDATA[n=100 -> 0.02 ms, inserts=100, extracts=50
n=1000 -> 0.23 ms, inserts=1000, extracts=500
n=10000 -> 3.71 ms, inserts=10000, extracts=5000
]]></system-out>
  </testcase>
  <testcase name="testReverseSortedInput" classname="com.algorithms.MinHeapTest" time="0.0"/>
  <testcase name="testInvalidDecreaseKey" classname="com.algorithms.MinHeapTest" time="0.001"/>
  <testcase name="testDuplicateElements" classname="com.algorithms.MinHeapTest" time="0.0"/>
  <testcase name="testEmptyHeapThrowsException" classname="com.algorithms.MinHeapTest" time="0.001"/>
  <testcase name="testSortedInput" classname="com.algorithms.MinHeapTest" time="0.0"/>
</testsuite>